<?xml version="1.0" encoding="UTF-8"?>
<!-- Generated by org.testng.reporters.JUnitReportReporter -->
<testsuite hostname="sf-xavier" name="com.shixa.impl.ServerTest" tests="1" failures="0" timestamp="2 May 2013 23:13:37 GMT" time="0.132" errors="0">
  <testcase name="TestCreateUser" time="0.132" classname="com.shixa.impl.ServerTest"/>
</testsuite> <!-- com.shixa.impl.ServerTest -->
